<?xml version="1.0" encoding="UTF-8"?>
<testsuite xmlns:xsi="http://www.w3.org/2001/XMLSchema-instance" xsi:noNamespaceSchemaLocation="https://maven.apache.org/surefire/maven-surefire-plugin/xsd/surefire-test-report-3.0.xsd" version="3.0" name="com.example.proyecto.Services.CheckRulesServiceTest" time="8.091" tests="35" errors="0" skipped="0" failures="0">
  <properties>
[...]
</properties>
  <testcase name="whenNoCheckRulesInDatabase_ThenGetAllReturnsEmptyList" classname="com.example.proyecto.Services.CheckRulesServiceTest" time="0.743">
    <system-out><![CDATA[13:58:32.371 [main] INFO org.springframework.test.context.support.AnnotationConfigContextLoaderUtils -- Could not detect default configuration classes for test class [com.example.proyecto.Services.CheckRulesServiceTest]: CheckRulesServiceTest does not declare any static, non-private, non-final, nested classes annotated with @Configuration.
13:58:32.533 [main] INFO org.springframework.boot.test.context.SpringBootTestContextBootstrapper -- Found @SpringBootConfiguration com.example.proyecto.ProyectoApplication for test class com.example.proyecto.Services.CheckRulesServiceTest

  .   ____          _            __ _ _
 /\\ / ___'_ __ _ _(_)_ __  __ _ \ \ \ \
( ( )\___ | '_ | '_| | '_ \/ _` | \ \ \ \
 \\/  ___)| |_)| | | | | || (_| |  ) ) ) )
  '  |____| .__|_| |_|_| |_\__, | / / / /
 =========|_|==============|___/=/_/_/_/

 :: Spring Boot ::                (v3.3.4)

2024-11-04T13:58:33.057-03:00  INFO 5172 --- [proyecto] [           main] c.e.p.Services.CheckRulesServiceTest     : Starting CheckRulesServiceTest using Java 17.0.12 with PID 5172 (started by chifl in C:\Users\chifl\Desktop\prestabanco-monolithic\backend)
2024-11-04T13:58:33.059-03:00  INFO 5172 --- [proyecto] [           main] c.e.p.Services.CheckRulesServiceTest     : The following 1 profile is active: "test"
2024-11-04T13:58:33.916-03:00  INFO 5172 --- [proyecto] [           main] .s.d.r.c.RepositoryConfigurationDelegate : Bootstrapping Spring Data JPA repositories in DEFAULT mode.
2024-11-04T13:58:34.029-03:00  INFO 5172 --- [proyecto] [           main] .s.d.r.c.RepositoryConfigurationDelegate : Finished Spring Data repository scanning in 100 ms. Found 4 JPA repository interfaces.
2024-11-04T13:58:34.670-03:00  INFO 5172 --- [proyecto] [           main] o.hibernate.jpa.internal.util.LogHelper  : HHH000204: Processing PersistenceUnitInfo [name: default]
2024-11-04T13:58:34.798-03:00  INFO 5172 --- [proyecto] [           main] org.hibernate.Version                    : HHH000412: Hibernate ORM core version 6.5.3.Final
2024-11-04T13:58:34.856-03:00  INFO 5172 --- [proyecto] [           main] o.h.c.internal.RegionFactoryInitiator    : HHH000026: Second-level cache disabled
2024-11-04T13:58:35.366-03:00  INFO 5172 --- [proyecto] [           main] o.s.o.j.p.SpringPersistenceUnitInfo      : No LoadTimeWeaver setup: ignoring JPA class transformer
2024-11-04T13:58:35.421-03:00  INFO 5172 --- [proyecto] [           main] com.zaxxer.hikari.HikariDataSource       : HikariPool-1 - Starting...
2024-11-04T13:58:35.772-03:00  INFO 5172 --- [proyecto] [           main] com.zaxxer.hikari.pool.HikariPool        : HikariPool-1 - Added connection conn0: url=jdbc:h2:mem:testdb user=SA
2024-11-04T13:58:35.774-03:00  INFO 5172 --- [proyecto] [           main] com.zaxxer.hikari.HikariDataSource       : HikariPool-1 - Start completed.
2024-11-04T13:58:35.799-03:00  WARN 5172 --- [proyecto] [           main] org.hibernate.orm.deprecation            : HHH90000025: H2Dialect does not need to be specified explicitly using 'hibernate.dialect' (remove the property setting and it will be selected by default)
2024-11-04T13:58:36.714-03:00  INFO 5172 --- [proyecto] [           main] o.h.e.t.j.p.i.JtaPlatformInitiator       : HHH000489: No JTA platform available (set 'hibernate.transaction.jta.platform' to enable JTA platform integration)
Hibernate: drop table if exists check_rules cascade 
Hibernate: drop table if exists credit cascade 
Hibernate: drop table if exists document cascade 
Hibernate: drop table if exists users cascade 
Hibernate: create table check_rules (rule1 boolean not null, rule2 boolean not null, rule3 boolean not null, rule4 boolean not null, rule6 boolean not null, rule71 boolean not null, rule72 boolean not null, rule73 boolean not null, rule74 boolean not null, rule75 boolean not null, clientid bigint, creditid bigint unique, id bigint generated by default as identity, primary key (id))
Hibernate: create table credit (administration_commission float(24) not null, interest_rate float(24) not null, monthly_fee float(24) not null, property_value integer not null, requested_amount float(24) not null, years_limit integer not null, clientid bigint, id bigint generated by default as identity, observations varchar(255), loan_type enum ('PRIMERA_VIVIENDA','PROPIEDADES_COMERCIALES','REMODELACION','SEGUNDA_VIVIENDA'), status enum ('E1_EN_REVISION_INICIAL','E2_PENDIENTE_DOCUMENTACION','E3_EN_EVALUACION','E4_PRE_APROBADA','E5_EN_APROBACION_FINAL','E6_APROBADA','E7_RECHAZADA','E8_CANCELADA_POR_CLIENTE','E9_EN_DESEMBOLSO'), primary key (id))
Hibernate: create table document (creditid bigint, id bigint generated by default as identity, filename varchar(255), file_data blob, primary key (id))
Hibernate: create table users (age integer not null, income float(24) not null, id bigint generated by default as identity, email varchar(255) unique, last_name varchar(255), name varchar(255), password varchar(255), rut varchar(255) unique, rol enum ('CUSTOMER','EXECUTIVE'), primary key (id))
2024-11-04T13:58:36.775-03:00  INFO 5172 --- [proyecto] [           main] j.LocalContainerEntityManagerFactoryBean : Initialized JPA EntityManagerFactory for persistence unit 'default'
2024-11-04T13:58:37.223-03:00  INFO 5172 --- [proyecto] [           main] o.s.d.j.r.query.QueryEnhancerFactory     : Hibernate is in classpath; If applicable, HQL parser will be used.
2024-11-04T13:58:38.113-03:00  WARN 5172 --- [proyecto] [           main] JpaBaseConfiguration$JpaWebConfiguration : spring.jpa.open-in-view is enabled by default. Therefore, database queries may be performed during view rendering. Explicitly configure spring.jpa.open-in-view to disable this warning
2024-11-04T13:58:38.611-03:00  INFO 5172 --- [proyecto] [           main] o.s.b.a.h2.H2ConsoleAutoConfiguration    : H2 console available at '/h2-console'. Database available at 'jdbc:h2:mem:testdb'
2024-11-04T13:58:38.707-03:00  INFO 5172 --- [proyecto] [           main] c.e.p.Services.CheckRulesServiceTest     : Started CheckRulesServiceTest in 5.996 seconds (process running for 7.255)
Hibernate: select cre1_0.id,cre1_0.clientid,cre1_0.creditid,cre1_0.rule1,cre1_0.rule2,cre1_0.rule3,cre1_0.rule4,cre1_0.rule6,cre1_0.rule71,cre1_0.rule72,cre1_0.rule73,cre1_0.rule74,cre1_0.rule75 from check_rules cre1_0
Hibernate: select ce1_0.id,ce1_0.administration_commission,ce1_0.clientid,ce1_0.interest_rate,ce1_0.loan_type,ce1_0.monthly_fee,ce1_0.observations,ce1_0.property_value,ce1_0.requested_amount,ce1_0.status,ce1_0.years_limit from credit ce1_0
Hibernate: select ue1_0.id,ue1_0.age,ue1_0.email,ue1_0.income,ue1_0.last_name,ue1_0.name,ue1_0.password,ue1_0.rol,ue1_0.rut from users ue1_0
Hibernate: select cre1_0.id,cre1_0.clientid,cre1_0.creditid,cre1_0.rule1,cre1_0.rule2,cre1_0.rule3,cre1_0.rule4,cre1_0.rule6,cre1_0.rule71,cre1_0.rule72,cre1_0.rule73,cre1_0.rule74,cre1_0.rule75 from check_rules cre1_0
Hibernate: select cre1_0.id,cre1_0.clientid,cre1_0.creditid,cre1_0.rule1,cre1_0.rule2,cre1_0.rule3,cre1_0.rule4,cre1_0.rule6,cre1_0.rule71,cre1_0.rule72,cre1_0.rule73,cre1_0.rule74,cre1_0.rule75 from check_rules cre1_0
]]></system-out>
  </testcase>
  <testcase name="whenGetCheckRulesByCreditID_NotFound_ThenReturnNull" classname="com.example.proyecto.Services.CheckRulesServiceTest" time="0.062">
    <system-out><![CDATA[Hibernate: select cre1_0.id,cre1_0.clientid,cre1_0.creditid,cre1_0.rule1,cre1_0.rule2,cre1_0.rule3,cre1_0.rule4,cre1_0.rule6,cre1_0.rule71,cre1_0.rule72,cre1_0.rule73,cre1_0.rule74,cre1_0.rule75 from check_rules cre1_0
Hibernate: select ce1_0.id,ce1_0.administration_commission,ce1_0.clientid,ce1_0.interest_rate,ce1_0.loan_type,ce1_0.monthly_fee,ce1_0.observations,ce1_0.property_value,ce1_0.requested_amount,ce1_0.status,ce1_0.years_limit from credit ce1_0
Hibernate: select ue1_0.id,ue1_0.age,ue1_0.email,ue1_0.income,ue1_0.last_name,ue1_0.name,ue1_0.password,ue1_0.rol,ue1_0.rut from users ue1_0
Hibernate: select cre1_0.id,cre1_0.clientid,cre1_0.creditid,cre1_0.rule1,cre1_0.rule2,cre1_0.rule3,cre1_0.rule4,cre1_0.rule6,cre1_0.rule71,cre1_0.rule72,cre1_0.rule73,cre1_0.rule74,cre1_0.rule75 from check_rules cre1_0 where cre1_0.creditid=?
]]></system-out>
  </testcase>
  <testcase name="whenDebtIncomeBelowThreshold_ThenRule4IsUpdatedToTrue" classname="com.example.proyecto.Services.CheckRulesServiceTest" time="0.108">
    <system-out><![CDATA[Hibernate: select cre1_0.id,cre1_0.clientid,cre1_0.creditid,cre1_0.rule1,cre1_0.rule2,cre1_0.rule3,cre1_0.rule4,cre1_0.rule6,cre1_0.rule71,cre1_0.rule72,cre1_0.rule73,cre1_0.rule74,cre1_0.rule75 from check_rules cre1_0
Hibernate: select ce1_0.id,ce1_0.administration_commission,ce1_0.clientid,ce1_0.interest_rate,ce1_0.loan_type,ce1_0.monthly_fee,ce1_0.observations,ce1_0.property_value,ce1_0.requested_amount,ce1_0.status,ce1_0.years_limit from credit ce1_0
Hibernate: select ue1_0.id,ue1_0.age,ue1_0.email,ue1_0.income,ue1_0.last_name,ue1_0.name,ue1_0.password,ue1_0.rol,ue1_0.rut from users ue1_0
Hibernate: insert into users (age,email,income,last_name,name,password,rol,rut,id) values (?,?,?,?,?,?,?,?,default)
Hibernate: insert into credit (administration_commission,clientid,interest_rate,loan_type,monthly_fee,observations,property_value,requested_amount,status,years_limit,id) values (?,?,?,?,?,?,?,?,?,?,default)
Hibernate: insert into check_rules (clientid,creditid,rule1,rule2,rule3,rule4,rule6,rule71,rule72,rule73,rule74,rule75,id) values (?,?,?,?,?,?,?,?,?,?,?,?,default)
Hibernate: select cre1_0.id,cre1_0.clientid,cre1_0.creditid,cre1_0.rule1,cre1_0.rule2,cre1_0.rule3,cre1_0.rule4,cre1_0.rule6,cre1_0.rule71,cre1_0.rule72,cre1_0.rule73,cre1_0.rule74,cre1_0.rule75 from check_rules cre1_0 where cre1_0.id=?
Hibernate: select ce1_0.id,ce1_0.administration_commission,ce1_0.clientid,ce1_0.interest_rate,ce1_0.loan_type,ce1_0.monthly_fee,ce1_0.observations,ce1_0.property_value,ce1_0.requested_amount,ce1_0.status,ce1_0.years_limit from credit ce1_0 where ce1_0.id=?
Hibernate: select ue1_0.id,ue1_0.age,ue1_0.email,ue1_0.income,ue1_0.last_name,ue1_0.name,ue1_0.password,ue1_0.rol,ue1_0.rut from users ue1_0 where ue1_0.id=?
Hibernate: update check_rules cre1_0 set rule4=? where cre1_0.id=?
Hibernate: select cre1_0.id,cre1_0.clientid,cre1_0.creditid,cre1_0.rule1,cre1_0.rule2,cre1_0.rule3,cre1_0.rule4,cre1_0.rule6,cre1_0.rule71,cre1_0.rule72,cre1_0.rule73,cre1_0.rule74,cre1_0.rule75 from check_rules cre1_0 where cre1_0.id=?
]]></system-out>
  </testcase>
  <testcase name="whenCheckCreditHistory_WithTrueValue_ThenRule2IsUpdatedToTrue" classname="com.example.proyecto.Services.CheckRulesServiceTest" time="0.029">
    <system-out><![CDATA[Hibernate: select cre1_0.id,cre1_0.clientid,cre1_0.creditid,cre1_0.rule1,cre1_0.rule2,cre1_0.rule3,cre1_0.rule4,cre1_0.rule6,cre1_0.rule71,cre1_0.rule72,cre1_0.rule73,cre1_0.rule74,cre1_0.rule75 from check_rules cre1_0
Hibernate: delete from check_rules where id=?
Hibernate: select ce1_0.id,ce1_0.administration_commission,ce1_0.clientid,ce1_0.interest_rate,ce1_0.loan_type,ce1_0.monthly_fee,ce1_0.observations,ce1_0.property_value,ce1_0.requested_amount,ce1_0.status,ce1_0.years_limit from credit ce1_0
Hibernate: delete from credit where id=?
Hibernate: select ue1_0.id,ue1_0.age,ue1_0.email,ue1_0.income,ue1_0.last_name,ue1_0.name,ue1_0.password,ue1_0.rol,ue1_0.rut from users ue1_0
Hibernate: delete from users where id=?
Hibernate: insert into check_rules (clientid,creditid,rule1,rule2,rule3,rule4,rule6,rule71,rule72,rule73,rule74,rule75,id) values (?,?,?,?,?,?,?,?,?,?,?,?,default)
Hibernate: select cre1_0.id,cre1_0.clientid,cre1_0.creditid,cre1_0.rule1,cre1_0.rule2,cre1_0.rule3,cre1_0.rule4,cre1_0.rule6,cre1_0.rule71,cre1_0.rule72,cre1_0.rule73,cre1_0.rule74,cre1_0.rule75 from check_rules cre1_0 where cre1_0.id=?
Hibernate: update check_rules cre1_0 set rule2=? where cre1_0.id=?
Hibernate: select cre1_0.id,cre1_0.clientid,cre1_0.creditid,cre1_0.rule1,cre1_0.rule2,cre1_0.rule3,cre1_0.rule4,cre1_0.rule6,cre1_0.rule71,cre1_0.rule72,cre1_0.rule73,cre1_0.rule74,cre1_0.rule75 from check_rules cre1_0 where cre1_0.id=?
]]></system-out>
  </testcase>
  <testcase name="whenCheckCreditHistory_WithNonExistentCheckId_ThenThrowException" classname="com.example.proyecto.Services.CheckRulesServiceTest" time="0.018">
    <system-out><![CDATA[Hibernate: select cre1_0.id,cre1_0.clientid,cre1_0.creditid,cre1_0.rule1,cre1_0.rule2,cre1_0.rule3,cre1_0.rule4,cre1_0.rule6,cre1_0.rule71,cre1_0.rule72,cre1_0.rule73,cre1_0.rule74,cre1_0.rule75 from check_rules cre1_0
Hibernate: delete from check_rules where id=?
Hibernate: select ce1_0.id,ce1_0.administration_commission,ce1_0.clientid,ce1_0.interest_rate,ce1_0.loan_type,ce1_0.monthly_fee,ce1_0.observations,ce1_0.property_value,ce1_0.requested_amount,ce1_0.status,ce1_0.years_limit from credit ce1_0
Hibernate: select ue1_0.id,ue1_0.age,ue1_0.email,ue1_0.income,ue1_0.last_name,ue1_0.name,ue1_0.password,ue1_0.rol,ue1_0.rut from users ue1_0
Hibernate: select cre1_0.id,cre1_0.clientid,cre1_0.creditid,cre1_0.rule1,cre1_0.rule2,cre1_0.rule3,cre1_0.rule4,cre1_0.rule6,cre1_0.rule71,cre1_0.rule72,cre1_0.rule73,cre1_0.rule74,cre1_0.rule75 from check_rules cre1_0 where cre1_0.id=?
]]></system-out>
  </testcase>
  <testcase name="whenApplicantAgeExceedsLimit_ThenRule6IsUpdatedToFalse" classname="com.example.proyecto.Services.CheckRulesServiceTest" time="0.024">
    <system-out><![CDATA[Hibernate: select cre1_0.id,cre1_0.clientid,cre1_0.creditid,cre1_0.rule1,cre1_0.rule2,cre1_0.rule3,cre1_0.rule4,cre1_0.rule6,cre1_0.rule71,cre1_0.rule72,cre1_0.rule73,cre1_0.rule74,cre1_0.rule75 from check_rules cre1_0
Hibernate: select ce1_0.id,ce1_0.administration_commission,ce1_0.clientid,ce1_0.interest_rate,ce1_0.loan_type,ce1_0.monthly_fee,ce1_0.observations,ce1_0.property_value,ce1_0.requested_amount,ce1_0.status,ce1_0.years_limit from credit ce1_0
Hibernate: select ue1_0.id,ue1_0.age,ue1_0.email,ue1_0.income,ue1_0.last_name,ue1_0.name,ue1_0.password,ue1_0.rol,ue1_0.rut from users ue1_0
Hibernate: insert into users (age,email,income,last_name,name,password,rol,rut,id) values (?,?,?,?,?,?,?,?,default)
Hibernate: insert into credit (administration_commission,clientid,interest_rate,loan_type,monthly_fee,observations,property_value,requested_amount,status,years_limit,id) values (?,?,?,?,?,?,?,?,?,?,default)
Hibernate: insert into check_rules (clientid,creditid,rule1,rule2,rule3,rule4,rule6,rule71,rule72,rule73,rule74,rule75,id) values (?,?,?,?,?,?,?,?,?,?,?,?,default)
Hibernate: select cre1_0.id,cre1_0.clientid,cre1_0.creditid,cre1_0.rule1,cre1_0.rule2,cre1_0.rule3,cre1_0.rule4,cre1_0.rule6,cre1_0.rule71,cre1_0.rule72,cre1_0.rule73,cre1_0.rule74,cre1_0.rule75 from check_rules cre1_0 where cre1_0.id=?
Hibernate: select ce1_0.id,ce1_0.administration_commission,ce1_0.clientid,ce1_0.interest_rate,ce1_0.loan_type,ce1_0.monthly_fee,ce1_0.observations,ce1_0.property_value,ce1_0.requested_amount,ce1_0.status,ce1_0.years_limit from credit ce1_0 where ce1_0.id=?
Hibernate: select ue1_0.id,ue1_0.age,ue1_0.email,ue1_0.income,ue1_0.last_name,ue1_0.name,ue1_0.password,ue1_0.rol,ue1_0.rut from users ue1_0 where ue1_0.id=?
Hibernate: update check_rules cre1_0 set rule6=? where cre1_0.id=?
Hibernate: select cre1_0.id,cre1_0.clientid,cre1_0.creditid,cre1_0.rule1,cre1_0.rule2,cre1_0.rule3,cre1_0.rule4,cre1_0.rule6,cre1_0.rule71,cre1_0.rule72,cre1_0.rule73,cre1_0.rule74,cre1_0.rule75 from check_rules cre1_0 where cre1_0.id=?
]]></system-out>
  </testcase>
  <testcase name="whenCheckApplicantAge_WithNonExistentID_ThenDoNothing" classname="com.example.proyecto.Services.CheckRulesServiceTest" time="0.017">
    <system-out><![CDATA[Hibernate: select cre1_0.id,cre1_0.clientid,cre1_0.creditid,cre1_0.rule1,cre1_0.rule2,cre1_0.rule3,cre1_0.rule4,cre1_0.rule6,cre1_0.rule71,cre1_0.rule72,cre1_0.rule73,cre1_0.rule74,cre1_0.rule75 from check_rules cre1_0
Hibernate: delete from check_rules where id=?
Hibernate: select ce1_0.id,ce1_0.administration_commission,ce1_0.clientid,ce1_0.interest_rate,ce1_0.loan_type,ce1_0.monthly_fee,ce1_0.observations,ce1_0.property_value,ce1_0.requested_amount,ce1_0.status,ce1_0.years_limit from credit ce1_0
Hibernate: delete from credit where id=?
Hibernate: select ue1_0.id,ue1_0.age,ue1_0.email,ue1_0.income,ue1_0.last_name,ue1_0.name,ue1_0.password,ue1_0.rol,ue1_0.rut from users ue1_0
Hibernate: delete from users where id=?
Hibernate: select cre1_0.id,cre1_0.clientid,cre1_0.creditid,cre1_0.rule1,cre1_0.rule2,cre1_0.rule3,cre1_0.rule4,cre1_0.rule6,cre1_0.rule71,cre1_0.rule72,cre1_0.rule73,cre1_0.rule74,cre1_0.rule75 from check_rules cre1_0 where cre1_0.id=?
Hibernate: select cre1_0.id,cre1_0.clientid,cre1_0.creditid,cre1_0.rule1,cre1_0.rule2,cre1_0.rule3,cre1_0.rule4,cre1_0.rule6,cre1_0.rule71,cre1_0.rule72,cre1_0.rule73,cre1_0.rule74,cre1_0.rule75 from check_rules cre1_0 where cre1_0.id=?
]]></system-out>
  </testcase>
  <testcase name="whenApplicantAgeWithinLimit_ThenRule6IsUpdatedToTrue" classname="com.example.proyecto.Services.CheckRulesServiceTest" time="0.027">
    <system-out><![CDATA[Hibernate: select cre1_0.id,cre1_0.clientid,cre1_0.creditid,cre1_0.rule1,cre1_0.rule2,cre1_0.rule3,cre1_0.rule4,cre1_0.rule6,cre1_0.rule71,cre1_0.rule72,cre1_0.rule73,cre1_0.rule74,cre1_0.rule75 from check_rules cre1_0
Hibernate: select ce1_0.id,ce1_0.administration_commission,ce1_0.clientid,ce1_0.interest_rate,ce1_0.loan_type,ce1_0.monthly_fee,ce1_0.observations,ce1_0.property_value,ce1_0.requested_amount,ce1_0.status,ce1_0.years_limit from credit ce1_0
Hibernate: select ue1_0.id,ue1_0.age,ue1_0.email,ue1_0.income,ue1_0.last_name,ue1_0.name,ue1_0.password,ue1_0.rol,ue1_0.rut from users ue1_0
Hibernate: insert into users (age,email,income,last_name,name,password,rol,rut,id) values (?,?,?,?,?,?,?,?,default)
Hibernate: insert into credit (administration_commission,clientid,interest_rate,loan_type,monthly_fee,observations,property_value,requested_amount,status,years_limit,id) values (?,?,?,?,?,?,?,?,?,?,default)
Hibernate: insert into check_rules (clientid,creditid,rule1,rule2,rule3,rule4,rule6,rule71,rule72,rule73,rule74,rule75,id) values (?,?,?,?,?,?,?,?,?,?,?,?,default)
Hibernate: select cre1_0.id,cre1_0.clientid,cre1_0.creditid,cre1_0.rule1,cre1_0.rule2,cre1_0.rule3,cre1_0.rule4,cre1_0.rule6,cre1_0.rule71,cre1_0.rule72,cre1_0.rule73,cre1_0.rule74,cre1_0.rule75 from check_rules cre1_0 where cre1_0.id=?
Hibernate: select ce1_0.id,ce1_0.administration_commission,ce1_0.clientid,ce1_0.interest_rate,ce1_0.loan_type,ce1_0.monthly_fee,ce1_0.observations,ce1_0.property_value,ce1_0.requested_amount,ce1_0.status,ce1_0.years_limit from credit ce1_0 where ce1_0.id=?
Hibernate: select ue1_0.id,ue1_0.age,ue1_0.email,ue1_0.income,ue1_0.last_name,ue1_0.name,ue1_0.password,ue1_0.rol,ue1_0.rut from users ue1_0 where ue1_0.id=?
Hibernate: update check_rules cre1_0 set rule6=? where cre1_0.id=?
Hibernate: select cre1_0.id,cre1_0.clientid,cre1_0.creditid,cre1_0.rule1,cre1_0.rule2,cre1_0.rule3,cre1_0.rule4,cre1_0.rule6,cre1_0.rule71,cre1_0.rule72,cre1_0.rule73,cre1_0.rule74,cre1_0.rule75 from check_rules cre1_0 where cre1_0.id=?
]]></system-out>
  </testcase>
  <testcase name="whenCheckPeriodicDepositsWithExistingCheckId_ThenRule73IsUpdated" classname="com.example.proyecto.Services.CheckRulesServiceTest" time="0.022">
    <system-out><![CDATA[Hibernate: select cre1_0.id,cre1_0.clientid,cre1_0.creditid,cre1_0.rule1,cre1_0.rule2,cre1_0.rule3,cre1_0.rule4,cre1_0.rule6,cre1_0.rule71,cre1_0.rule72,cre1_0.rule73,cre1_0.rule74,cre1_0.rule75 from check_rules cre1_0
Hibernate: delete from check_rules where id=?
Hibernate: select ce1_0.id,ce1_0.administration_commission,ce1_0.clientid,ce1_0.interest_rate,ce1_0.loan_type,ce1_0.monthly_fee,ce1_0.observations,ce1_0.property_value,ce1_0.requested_amount,ce1_0.status,ce1_0.years_limit from credit ce1_0
Hibernate: delete from credit where id=?
Hibernate: select ue1_0.id,ue1_0.age,ue1_0.email,ue1_0.income,ue1_0.last_name,ue1_0.name,ue1_0.password,ue1_0.rol,ue1_0.rut from users ue1_0
Hibernate: delete from users where id=?
Hibernate: insert into check_rules (clientid,creditid,rule1,rule2,rule3,rule4,rule6,rule71,rule72,rule73,rule74,rule75,id) values (?,?,?,?,?,?,?,?,?,?,?,?,default)
Hibernate: select cre1_0.id,cre1_0.clientid,cre1_0.creditid,cre1_0.rule1,cre1_0.rule2,cre1_0.rule3,cre1_0.rule4,cre1_0.rule6,cre1_0.rule71,cre1_0.rule72,cre1_0.rule73,cre1_0.rule74,cre1_0.rule75 from check_rules cre1_0 where cre1_0.id=?
Hibernate: update check_rules cre1_0 set rule73=? where cre1_0.id=?
Hibernate: select cre1_0.id,cre1_0.clientid,cre1_0.creditid,cre1_0.rule1,cre1_0.rule2,cre1_0.rule3,cre1_0.rule4,cre1_0.rule6,cre1_0.rule71,cre1_0.rule72,cre1_0.rule73,cre1_0.rule74,cre1_0.rule75 from check_rules cre1_0 where cre1_0.id=?
]]></system-out>
  </testcase>
  <testcase name="whenCheckDebtIncome_WithNonExistentCheckId_ThenThrowException" classname="com.example.proyecto.Services.CheckRulesServiceTest" time="0.013">
    <system-out><![CDATA[Hibernate: select cre1_0.id,cre1_0.clientid,cre1_0.creditid,cre1_0.rule1,cre1_0.rule2,cre1_0.rule3,cre1_0.rule4,cre1_0.rule6,cre1_0.rule71,cre1_0.rule72,cre1_0.rule73,cre1_0.rule74,cre1_0.rule75 from check_rules cre1_0
Hibernate: delete from check_rules where id=?
Hibernate: select ce1_0.id,ce1_0.administration_commission,ce1_0.clientid,ce1_0.interest_rate,ce1_0.loan_type,ce1_0.monthly_fee,ce1_0.observations,ce1_0.property_value,ce1_0.requested_amount,ce1_0.status,ce1_0.years_limit from credit ce1_0
Hibernate: select ue1_0.id,ue1_0.age,ue1_0.email,ue1_0.income,ue1_0.last_name,ue1_0.name,ue1_0.password,ue1_0.rol,ue1_0.rut from users ue1_0
Hibernate: select cre1_0.id,cre1_0.clientid,cre1_0.creditid,cre1_0.rule1,cre1_0.rule2,cre1_0.rule3,cre1_0.rule4,cre1_0.rule6,cre1_0.rule71,cre1_0.rule72,cre1_0.rule73,cre1_0.rule74,cre1_0.rule75 from check_rules cre1_0 where cre1_0.id=?
]]></system-out>
  </testcase>
  <testcase name="whenGetCheckRulesById_NotFound_ThenReturnNull" classname="com.example.proyecto.Services.CheckRulesServiceTest" time="0.012">
    <system-out><![CDATA[Hibernate: select cre1_0.id,cre1_0.clientid,cre1_0.creditid,cre1_0.rule1,cre1_0.rule2,cre1_0.rule3,cre1_0.rule4,cre1_0.rule6,cre1_0.rule71,cre1_0.rule72,cre1_0.rule73,cre1_0.rule74,cre1_0.rule75 from check_rules cre1_0
Hibernate: select ce1_0.id,ce1_0.administration_commission,ce1_0.clientid,ce1_0.interest_rate,ce1_0.loan_type,ce1_0.monthly_fee,ce1_0.observations,ce1_0.property_value,ce1_0.requested_amount,ce1_0.status,ce1_0.years_limit from credit ce1_0
Hibernate: select ue1_0.id,ue1_0.age,ue1_0.email,ue1_0.income,ue1_0.last_name,ue1_0.name,ue1_0.password,ue1_0.rol,ue1_0.rut from users ue1_0
Hibernate: select cre1_0.id,cre1_0.clientid,cre1_0.creditid,cre1_0.rule1,cre1_0.rule2,cre1_0.rule3,cre1_0.rule4,cre1_0.rule6,cre1_0.rule71,cre1_0.rule72,cre1_0.rule73,cre1_0.rule74,cre1_0.rule75 from check_rules cre1_0 where cre1_0.id=?
]]></system-out>
  </testcase>
  <testcase name="whenCreditOrUserEntityNotFound_ThenDoNothing" classname="com.example.proyecto.Services.CheckRulesServiceTest" time="0.019">
    <system-out><![CDATA[Hibernate: select cre1_0.id,cre1_0.clientid,cre1_0.creditid,cre1_0.rule1,cre1_0.rule2,cre1_0.rule3,cre1_0.rule4,cre1_0.rule6,cre1_0.rule71,cre1_0.rule72,cre1_0.rule73,cre1_0.rule74,cre1_0.rule75 from check_rules cre1_0
Hibernate: select ce1_0.id,ce1_0.administration_commission,ce1_0.clientid,ce1_0.interest_rate,ce1_0.loan_type,ce1_0.monthly_fee,ce1_0.observations,ce1_0.property_value,ce1_0.requested_amount,ce1_0.status,ce1_0.years_limit from credit ce1_0
Hibernate: select ue1_0.id,ue1_0.age,ue1_0.email,ue1_0.income,ue1_0.last_name,ue1_0.name,ue1_0.password,ue1_0.rol,ue1_0.rut from users ue1_0
Hibernate: insert into check_rules (clientid,creditid,rule1,rule2,rule3,rule4,rule6,rule71,rule72,rule73,rule74,rule75,id) values (?,?,?,?,?,?,?,?,?,?,?,?,default)
Hibernate: select cre1_0.id,cre1_0.clientid,cre1_0.creditid,cre1_0.rule1,cre1_0.rule2,cre1_0.rule3,cre1_0.rule4,cre1_0.rule6,cre1_0.rule71,cre1_0.rule72,cre1_0.rule73,cre1_0.rule74,cre1_0.rule75 from check_rules cre1_0 where cre1_0.id=?
Hibernate: select ce1_0.id,ce1_0.administration_commission,ce1_0.clientid,ce1_0.interest_rate,ce1_0.loan_type,ce1_0.monthly_fee,ce1_0.observations,ce1_0.property_value,ce1_0.requested_amount,ce1_0.status,ce1_0.years_limit from credit ce1_0 where ce1_0.id=?
Hibernate: select ue1_0.id,ue1_0.age,ue1_0.email,ue1_0.income,ue1_0.last_name,ue1_0.name,ue1_0.password,ue1_0.rol,ue1_0.rut from users ue1_0 where ue1_0.id=?
Hibernate: select cre1_0.id,cre1_0.clientid,cre1_0.creditid,cre1_0.rule1,cre1_0.rule2,cre1_0.rule3,cre1_0.rule4,cre1_0.rule6,cre1_0.rule71,cre1_0.rule72,cre1_0.rule73,cre1_0.rule74,cre1_0.rule75 from check_rules cre1_0 where cre1_0.id=?
]]></system-out>
  </testcase>
  <testcase name="whenCheckRelationQuotaIncome_SuccessAndQuotaWithin35Percent" classname="com.example.proyecto.Services.CheckRulesServiceTest" time="0.023">
    <system-out><![CDATA[Hibernate: select cre1_0.id,cre1_0.clientid,cre1_0.creditid,cre1_0.rule1,cre1_0.rule2,cre1_0.rule3,cre1_0.rule4,cre1_0.rule6,cre1_0.rule71,cre1_0.rule72,cre1_0.rule73,cre1_0.rule74,cre1_0.rule75 from check_rules cre1_0
Hibernate: delete from check_rules where id=?
Hibernate: select ce1_0.id,ce1_0.administration_commission,ce1_0.clientid,ce1_0.interest_rate,ce1_0.loan_type,ce1_0.monthly_fee,ce1_0.observations,ce1_0.property_value,ce1_0.requested_amount,ce1_0.status,ce1_0.years_limit from credit ce1_0
Hibernate: select ue1_0.id,ue1_0.age,ue1_0.email,ue1_0.income,ue1_0.last_name,ue1_0.name,ue1_0.password,ue1_0.rol,ue1_0.rut from users ue1_0
Hibernate: insert into credit (administration_commission,clientid,interest_rate,loan_type,monthly_fee,observations,property_value,requested_amount,status,years_limit,id) values (?,?,?,?,?,?,?,?,?,?,default)
Hibernate: insert into check_rules (clientid,creditid,rule1,rule2,rule3,rule4,rule6,rule71,rule72,rule73,rule74,rule75,id) values (?,?,?,?,?,?,?,?,?,?,?,?,default)
Hibernate: select cre1_0.id,cre1_0.clientid,cre1_0.creditid,cre1_0.rule1,cre1_0.rule2,cre1_0.rule3,cre1_0.rule4,cre1_0.rule6,cre1_0.rule71,cre1_0.rule72,cre1_0.rule73,cre1_0.rule74,cre1_0.rule75 from check_rules cre1_0 where cre1_0.id=?
Hibernate: select ce1_0.id,ce1_0.administration_commission,ce1_0.clientid,ce1_0.interest_rate,ce1_0.loan_type,ce1_0.monthly_fee,ce1_0.observations,ce1_0.property_value,ce1_0.requested_amount,ce1_0.status,ce1_0.years_limit from credit ce1_0 where ce1_0.id=?
Hibernate: update check_rules cre1_0 set rule1=? where cre1_0.id=?
Hibernate: select cre1_0.id,cre1_0.clientid,cre1_0.creditid,cre1_0.rule1,cre1_0.rule2,cre1_0.rule3,cre1_0.rule4,cre1_0.rule6,cre1_0.rule71,cre1_0.rule72,cre1_0.rule73,cre1_0.rule74,cre1_0.rule75 from check_rules cre1_0 where cre1_0.id=?
]]></system-out>
  </testcase>
  <testcase name="whenCheckEmploymentStability_WithFalseValue_ThenRule3IsUpdatedToFalse" classname="com.example.proyecto.Services.CheckRulesServiceTest" time="0.024">
    <system-out><![CDATA[Hibernate: select cre1_0.id,cre1_0.clientid,cre1_0.creditid,cre1_0.rule1,cre1_0.rule2,cre1_0.rule3,cre1_0.rule4,cre1_0.rule6,cre1_0.rule71,cre1_0.rule72,cre1_0.rule73,cre1_0.rule74,cre1_0.rule75 from check_rules cre1_0
Hibernate: delete from check_rules where id=?
Hibernate: select ce1_0.id,ce1_0.administration_commission,ce1_0.clientid,ce1_0.interest_rate,ce1_0.loan_type,ce1_0.monthly_fee,ce1_0.observations,ce1_0.property_value,ce1_0.requested_amount,ce1_0.status,ce1_0.years_limit from credit ce1_0
Hibernate: delete from credit where id=?
Hibernate: select ue1_0.id,ue1_0.age,ue1_0.email,ue1_0.income,ue1_0.last_name,ue1_0.name,ue1_0.password,ue1_0.rol,ue1_0.rut from users ue1_0
Hibernate: insert into check_rules (clientid,creditid,rule1,rule2,rule3,rule4,rule6,rule71,rule72,rule73,rule74,rule75,id) values (?,?,?,?,?,?,?,?,?,?,?,?,default)
Hibernate: select cre1_0.id,cre1_0.clientid,cre1_0.creditid,cre1_0.rule1,cre1_0.rule2,cre1_0.rule3,cre1_0.rule4,cre1_0.rule6,cre1_0.rule71,cre1_0.rule72,cre1_0.rule73,cre1_0.rule74,cre1_0.rule75 from check_rules cre1_0 where cre1_0.id=?
Hibernate: update check_rules cre1_0 set rule3=? where cre1_0.id=?
Hibernate: select cre1_0.id,cre1_0.clientid,cre1_0.creditid,cre1_0.rule1,cre1_0.rule2,cre1_0.rule3,cre1_0.rule4,cre1_0.rule6,cre1_0.rule71,cre1_0.rule72,cre1_0.rule73,cre1_0.rule74,cre1_0.rule75 from check_rules cre1_0 where cre1_0.id=?
]]></system-out>
  </testcase>
  <testcase name="whenGetAllCheckRules_ThenOk" classname="com.example.proyecto.Services.CheckRulesServiceTest" time="0.022">
    <system-out><![CDATA[Hibernate: select cre1_0.id,cre1_0.clientid,cre1_0.creditid,cre1_0.rule1,cre1_0.rule2,cre1_0.rule3,cre1_0.rule4,cre1_0.rule6,cre1_0.rule71,cre1_0.rule72,cre1_0.rule73,cre1_0.rule74,cre1_0.rule75 from check_rules cre1_0
Hibernate: delete from check_rules where id=?
Hibernate: select ce1_0.id,ce1_0.administration_commission,ce1_0.clientid,ce1_0.interest_rate,ce1_0.loan_type,ce1_0.monthly_fee,ce1_0.observations,ce1_0.property_value,ce1_0.requested_amount,ce1_0.status,ce1_0.years_limit from credit ce1_0
Hibernate: select ue1_0.id,ue1_0.age,ue1_0.email,ue1_0.income,ue1_0.last_name,ue1_0.name,ue1_0.password,ue1_0.rol,ue1_0.rut from users ue1_0
Hibernate: insert into check_rules (clientid,creditid,rule1,rule2,rule3,rule4,rule6,rule71,rule72,rule73,rule74,rule75,id) values (?,?,?,?,?,?,?,?,?,?,?,?,default)
Hibernate: insert into check_rules (clientid,creditid,rule1,rule2,rule3,rule4,rule6,rule71,rule72,rule73,rule74,rule75,id) values (?,?,?,?,?,?,?,?,?,?,?,?,default)
Hibernate: select cre1_0.id,cre1_0.clientid,cre1_0.creditid,cre1_0.rule1,cre1_0.rule2,cre1_0.rule3,cre1_0.rule4,cre1_0.rule6,cre1_0.rule71,cre1_0.rule72,cre1_0.rule73,cre1_0.rule74,cre1_0.rule75 from check_rules cre1_0
]]></system-out>
  </testcase>
  <testcase name="whenGetCheckRulesByCreditID_ThenReturnCheckRules" classname="com.example.proyecto.Services.CheckRulesServiceTest" time="0.018">
    <system-out><![CDATA[Hibernate: select cre1_0.id,cre1_0.clientid,cre1_0.creditid,cre1_0.rule1,cre1_0.rule2,cre1_0.rule3,cre1_0.rule4,cre1_0.rule6,cre1_0.rule71,cre1_0.rule72,cre1_0.rule73,cre1_0.rule74,cre1_0.rule75 from check_rules cre1_0
Hibernate: delete from check_rules where id=?
Hibernate: delete from check_rules where id=?
Hibernate: select ce1_0.id,ce1_0.administration_commission,ce1_0.clientid,ce1_0.interest_rate,ce1_0.loan_type,ce1_0.monthly_fee,ce1_0.observations,ce1_0.property_value,ce1_0.requested_amount,ce1_0.status,ce1_0.years_limit from credit ce1_0
Hibernate: select ue1_0.id,ue1_0.age,ue1_0.email,ue1_0.income,ue1_0.last_name,ue1_0.name,ue1_0.password,ue1_0.rol,ue1_0.rut from users ue1_0
Hibernate: insert into check_rules (clientid,creditid,rule1,rule2,rule3,rule4,rule6,rule71,rule72,rule73,rule74,rule75,id) values (?,?,?,?,?,?,?,?,?,?,?,?,default)
Hibernate: select cre1_0.id,cre1_0.clientid,cre1_0.creditid,cre1_0.rule1,cre1_0.rule2,cre1_0.rule3,cre1_0.rule4,cre1_0.rule6,cre1_0.rule71,cre1_0.rule72,cre1_0.rule73,cre1_0.rule74,cre1_0.rule75 from check_rules cre1_0 where cre1_0.creditid=?
]]></system-out>
  </testcase>
  <testcase name="whenGetCheckRulesByID_ThenReturnCheckRules" classname="com.example.proyecto.Services.CheckRulesServiceTest" time="0.012">
    <system-out><![CDATA[Hibernate: select cre1_0.id,cre1_0.clientid,cre1_0.creditid,cre1_0.rule1,cre1_0.rule2,cre1_0.rule3,cre1_0.rule4,cre1_0.rule6,cre1_0.rule71,cre1_0.rule72,cre1_0.rule73,cre1_0.rule74,cre1_0.rule75 from check_rules cre1_0
Hibernate: delete from check_rules where id=?
Hibernate: select ce1_0.id,ce1_0.administration_commission,ce1_0.clientid,ce1_0.interest_rate,ce1_0.loan_type,ce1_0.monthly_fee,ce1_0.observations,ce1_0.property_value,ce1_0.requested_amount,ce1_0.status,ce1_0.years_limit from credit ce1_0
Hibernate: select ue1_0.id,ue1_0.age,ue1_0.email,ue1_0.income,ue1_0.last_name,ue1_0.name,ue1_0.password,ue1_0.rol,ue1_0.rut from users ue1_0
Hibernate: insert into check_rules (clientid,creditid,rule1,rule2,rule3,rule4,rule6,rule71,rule72,rule73,rule74,rule75,id) values (?,?,?,?,?,?,?,?,?,?,?,?,default)
Hibernate: select cre1_0.id,cre1_0.clientid,cre1_0.creditid,cre1_0.rule1,cre1_0.rule2,cre1_0.rule3,cre1_0.rule4,cre1_0.rule6,cre1_0.rule71,cre1_0.rule72,cre1_0.rule73,cre1_0.rule74,cre1_0.rule75 from check_rules cre1_0 where cre1_0.id=?
]]></system-out>
  </testcase>
  <testcase name="whenCheckPeriodicDepositsWithNonExistentCheckId_ThenThrowEntityNotFoundException" classname="com.example.proyecto.Services.CheckRulesServiceTest" time="0.009">
    <system-out><![CDATA[Hibernate: select cre1_0.id,cre1_0.clientid,cre1_0.creditid,cre1_0.rule1,cre1_0.rule2,cre1_0.rule3,cre1_0.rule4,cre1_0.rule6,cre1_0.rule71,cre1_0.rule72,cre1_0.rule73,cre1_0.rule74,cre1_0.rule75 from check_rules cre1_0
Hibernate: delete from check_rules where id=?
Hibernate: select ce1_0.id,ce1_0.administration_commission,ce1_0.clientid,ce1_0.interest_rate,ce1_0.loan_type,ce1_0.monthly_fee,ce1_0.observations,ce1_0.property_value,ce1_0.requested_amount,ce1_0.status,ce1_0.years_limit from credit ce1_0
Hibernate: select ue1_0.id,ue1_0.age,ue1_0.email,ue1_0.income,ue1_0.last_name,ue1_0.name,ue1_0.password,ue1_0.rol,ue1_0.rut from users ue1_0
Hibernate: select cre1_0.id,cre1_0.clientid,cre1_0.creditid,cre1_0.rule1,cre1_0.rule2,cre1_0.rule3,cre1_0.rule4,cre1_0.rule6,cre1_0.rule71,cre1_0.rule72,cre1_0.rule73,cre1_0.rule74,cre1_0.rule75 from check_rules cre1_0 where cre1_0.id=?
]]></system-out>
  </testcase>
  <testcase name="whenCheckRecentWithdrawalsWithNonExistentCheckId_ThenThrowEntityNotFoundException" classname="com.example.proyecto.Services.CheckRulesServiceTest" time="0.011">
    <system-out><![CDATA[Hibernate: select cre1_0.id,cre1_0.clientid,cre1_0.creditid,cre1_0.rule1,cre1_0.rule2,cre1_0.rule3,cre1_0.rule4,cre1_0.rule6,cre1_0.rule71,cre1_0.rule72,cre1_0.rule73,cre1_0.rule74,cre1_0.rule75 from check_rules cre1_0
Hibernate: select ce1_0.id,ce1_0.administration_commission,ce1_0.clientid,ce1_0.interest_rate,ce1_0.loan_type,ce1_0.monthly_fee,ce1_0.observations,ce1_0.property_value,ce1_0.requested_amount,ce1_0.status,ce1_0.years_limit from credit ce1_0
Hibernate: select ue1_0.id,ue1_0.age,ue1_0.email,ue1_0.income,ue1_0.last_name,ue1_0.name,ue1_0.password,ue1_0.rol,ue1_0.rut from users ue1_0
Hibernate: select cre1_0.id,cre1_0.clientid,cre1_0.creditid,cre1_0.rule1,cre1_0.rule2,cre1_0.rule3,cre1_0.rule4,cre1_0.rule6,cre1_0.rule71,cre1_0.rule72,cre1_0.rule73,cre1_0.rule74,cre1_0.rule75 from check_rules cre1_0 where cre1_0.id=?
]]></system-out>
  </testcase>
  <testcase name="whenCheckRulesEntityNotFound_ThenThrowException" classname="com.example.proyecto.Services.CheckRulesServiceTest" time="0.01">
    <system-out><![CDATA[Hibernate: select cre1_0.id,cre1_0.clientid,cre1_0.creditid,cre1_0.rule1,cre1_0.rule2,cre1_0.rule3,cre1_0.rule4,cre1_0.rule6,cre1_0.rule71,cre1_0.rule72,cre1_0.rule73,cre1_0.rule74,cre1_0.rule75 from check_rules cre1_0
Hibernate: select ce1_0.id,ce1_0.administration_commission,ce1_0.clientid,ce1_0.interest_rate,ce1_0.loan_type,ce1_0.monthly_fee,ce1_0.observations,ce1_0.property_value,ce1_0.requested_amount,ce1_0.status,ce1_0.years_limit from credit ce1_0
Hibernate: select ue1_0.id,ue1_0.age,ue1_0.email,ue1_0.income,ue1_0.last_name,ue1_0.name,ue1_0.password,ue1_0.rol,ue1_0.rut from users ue1_0
Hibernate: select cre1_0.id,cre1_0.clientid,cre1_0.creditid,cre1_0.rule1,cre1_0.rule2,cre1_0.rule3,cre1_0.rule4,cre1_0.rule6,cre1_0.rule71,cre1_0.rule72,cre1_0.rule73,cre1_0.rule74,cre1_0.rule75 from check_rules cre1_0 where cre1_0.id=?
]]></system-out>
  </testcase>
  <testcase name="whenCheckSavingHistoryWithExistingCheckId_ThenRule72IsUpdated" classname="com.example.proyecto.Services.CheckRulesServiceTest" time="0.017">
    <system-out><![CDATA[Hibernate: select cre1_0.id,cre1_0.clientid,cre1_0.creditid,cre1_0.rule1,cre1_0.rule2,cre1_0.rule3,cre1_0.rule4,cre1_0.rule6,cre1_0.rule71,cre1_0.rule72,cre1_0.rule73,cre1_0.rule74,cre1_0.rule75 from check_rules cre1_0
Hibernate: select ce1_0.id,ce1_0.administration_commission,ce1_0.clientid,ce1_0.interest_rate,ce1_0.loan_type,ce1_0.monthly_fee,ce1_0.observations,ce1_0.property_value,ce1_0.requested_amount,ce1_0.status,ce1_0.years_limit from credit ce1_0
Hibernate: select ue1_0.id,ue1_0.age,ue1_0.email,ue1_0.income,ue1_0.last_name,ue1_0.name,ue1_0.password,ue1_0.rol,ue1_0.rut from users ue1_0
Hibernate: insert into check_rules (clientid,creditid,rule1,rule2,rule3,rule4,rule6,rule71,rule72,rule73,rule74,rule75,id) values (?,?,?,?,?,?,?,?,?,?,?,?,default)
Hibernate: select cre1_0.id,cre1_0.clientid,cre1_0.creditid,cre1_0.rule1,cre1_0.rule2,cre1_0.rule3,cre1_0.rule4,cre1_0.rule6,cre1_0.rule71,cre1_0.rule72,cre1_0.rule73,cre1_0.rule74,cre1_0.rule75 from check_rules cre1_0 where cre1_0.id=?
Hibernate: update check_rules cre1_0 set rule72=? where cre1_0.id=?
Hibernate: select cre1_0.id,cre1_0.clientid,cre1_0.creditid,cre1_0.rule1,cre1_0.rule2,cre1_0.rule3,cre1_0.rule4,cre1_0.rule6,cre1_0.rule71,cre1_0.rule72,cre1_0.rule73,cre1_0.rule74,cre1_0.rule75 from check_rules cre1_0 where cre1_0.id=?
]]></system-out>
  </testcase>
  <testcase name="whenCheckEmploymentStability_WithNonExistentCheckId_ThenThrowException" classname="com.example.proyecto.Services.CheckRulesServiceTest" time="0.01">
    <system-out><![CDATA[Hibernate: select cre1_0.id,cre1_0.clientid,cre1_0.creditid,cre1_0.rule1,cre1_0.rule2,cre1_0.rule3,cre1_0.rule4,cre1_0.rule6,cre1_0.rule71,cre1_0.rule72,cre1_0.rule73,cre1_0.rule74,cre1_0.rule75 from check_rules cre1_0
Hibernate: delete from check_rules where id=?
Hibernate: select ce1_0.id,ce1_0.administration_commission,ce1_0.clientid,ce1_0.interest_rate,ce1_0.loan_type,ce1_0.monthly_fee,ce1_0.observations,ce1_0.property_value,ce1_0.requested_amount,ce1_0.status,ce1_0.years_limit from credit ce1_0
Hibernate: select ue1_0.id,ue1_0.age,ue1_0.email,ue1_0.income,ue1_0.last_name,ue1_0.name,ue1_0.password,ue1_0.rol,ue1_0.rut from users ue1_0
Hibernate: select cre1_0.id,cre1_0.clientid,cre1_0.creditid,cre1_0.rule1,cre1_0.rule2,cre1_0.rule3,cre1_0.rule4,cre1_0.rule6,cre1_0.rule71,cre1_0.rule72,cre1_0.rule73,cre1_0.rule74,cre1_0.rule75 from check_rules cre1_0 where cre1_0.id=?
]]></system-out>
  </testcase>
  <testcase name="whenCheckRecentWithdrawalsWithExistingCheckId_ThenRule75IsUpdated" classname="com.example.proyecto.Services.CheckRulesServiceTest" time="0.014">
    <system-out><![CDATA[Hibernate: select cre1_0.id,cre1_0.clientid,cre1_0.creditid,cre1_0.rule1,cre1_0.rule2,cre1_0.rule3,cre1_0.rule4,cre1_0.rule6,cre1_0.rule71,cre1_0.rule72,cre1_0.rule73,cre1_0.rule74,cre1_0.rule75 from check_rules cre1_0
Hibernate: select ce1_0.id,ce1_0.administration_commission,ce1_0.clientid,ce1_0.interest_rate,ce1_0.loan_type,ce1_0.monthly_fee,ce1_0.observations,ce1_0.property_value,ce1_0.requested_amount,ce1_0.status,ce1_0.years_limit from credit ce1_0
Hibernate: select ue1_0.id,ue1_0.age,ue1_0.email,ue1_0.income,ue1_0.last_name,ue1_0.name,ue1_0.password,ue1_0.rol,ue1_0.rut from users ue1_0
Hibernate: insert into check_rules (clientid,creditid,rule1,rule2,rule3,rule4,rule6,rule71,rule72,rule73,rule74,rule75,id) values (?,?,?,?,?,?,?,?,?,?,?,?,default)
Hibernate: select cre1_0.id,cre1_0.clientid,cre1_0.creditid,cre1_0.rule1,cre1_0.rule2,cre1_0.rule3,cre1_0.rule4,cre1_0.rule6,cre1_0.rule71,cre1_0.rule72,cre1_0.rule73,cre1_0.rule74,cre1_0.rule75 from check_rules cre1_0 where cre1_0.id=?
Hibernate: update check_rules cre1_0 set rule75=? where cre1_0.id=?
Hibernate: select cre1_0.id,cre1_0.clientid,cre1_0.creditid,cre1_0.rule1,cre1_0.rule2,cre1_0.rule3,cre1_0.rule4,cre1_0.rule6,cre1_0.rule71,cre1_0.rule72,cre1_0.rule73,cre1_0.rule74,cre1_0.rule75 from check_rules cre1_0 where cre1_0.id=?
]]></system-out>
  </testcase>
  <testcase name="whenCheckCreditHistory_WithFalseValue_ThenRule2IsUpdatedToFalse" classname="com.example.proyecto.Services.CheckRulesServiceTest" time="0.018">
    <system-out><![CDATA[Hibernate: select cre1_0.id,cre1_0.clientid,cre1_0.creditid,cre1_0.rule1,cre1_0.rule2,cre1_0.rule3,cre1_0.rule4,cre1_0.rule6,cre1_0.rule71,cre1_0.rule72,cre1_0.rule73,cre1_0.rule74,cre1_0.rule75 from check_rules cre1_0
Hibernate: delete from check_rules where id=?
Hibernate: select ce1_0.id,ce1_0.administration_commission,ce1_0.clientid,ce1_0.interest_rate,ce1_0.loan_type,ce1_0.monthly_fee,ce1_0.observations,ce1_0.property_value,ce1_0.requested_amount,ce1_0.status,ce1_0.years_limit from credit ce1_0
Hibernate: select ue1_0.id,ue1_0.age,ue1_0.email,ue1_0.income,ue1_0.last_name,ue1_0.name,ue1_0.password,ue1_0.rol,ue1_0.rut from users ue1_0
Hibernate: insert into check_rules (clientid,creditid,rule1,rule2,rule3,rule4,rule6,rule71,rule72,rule73,rule74,rule75,id) values (?,?,?,?,?,?,?,?,?,?,?,?,default)
Hibernate: select cre1_0.id,cre1_0.clientid,cre1_0.creditid,cre1_0.rule1,cre1_0.rule2,cre1_0.rule3,cre1_0.rule4,cre1_0.rule6,cre1_0.rule71,cre1_0.rule72,cre1_0.rule73,cre1_0.rule74,cre1_0.rule75 from check_rules cre1_0 where cre1_0.id=?
Hibernate: update check_rules cre1_0 set rule2=? where cre1_0.id=?
Hibernate: select cre1_0.id,cre1_0.clientid,cre1_0.creditid,cre1_0.rule1,cre1_0.rule2,cre1_0.rule3,cre1_0.rule4,cre1_0.rule6,cre1_0.rule71,cre1_0.rule72,cre1_0.rule73,cre1_0.rule74,cre1_0.rule75 from check_rules cre1_0 where cre1_0.id=?
]]></system-out>
  </testcase>
  <testcase name="whenCheckMinimumBalanceWithExistingCheckId_ThenRule71IsUpdated" classname="com.example.proyecto.Services.CheckRulesServiceTest" time="0.017">
    <system-out><![CDATA[Hibernate: select cre1_0.id,cre1_0.clientid,cre1_0.creditid,cre1_0.rule1,cre1_0.rule2,cre1_0.rule3,cre1_0.rule4,cre1_0.rule6,cre1_0.rule71,cre1_0.rule72,cre1_0.rule73,cre1_0.rule74,cre1_0.rule75 from check_rules cre1_0
Hibernate: delete from check_rules where id=?
Hibernate: select ce1_0.id,ce1_0.administration_commission,ce1_0.clientid,ce1_0.interest_rate,ce1_0.loan_type,ce1_0.monthly_fee,ce1_0.observations,ce1_0.property_value,ce1_0.requested_amount,ce1_0.status,ce1_0.years_limit from credit ce1_0
Hibernate: select ue1_0.id,ue1_0.age,ue1_0.email,ue1_0.income,ue1_0.last_name,ue1_0.name,ue1_0.password,ue1_0.rol,ue1_0.rut from users ue1_0
Hibernate: insert into check_rules (clientid,creditid,rule1,rule2,rule3,rule4,rule6,rule71,rule72,rule73,rule74,rule75,id) values (?,?,?,?,?,?,?,?,?,?,?,?,default)
Hibernate: select cre1_0.id,cre1_0.clientid,cre1_0.creditid,cre1_0.rule1,cre1_0.rule2,cre1_0.rule3,cre1_0.rule4,cre1_0.rule6,cre1_0.rule71,cre1_0.rule72,cre1_0.rule73,cre1_0.rule74,cre1_0.rule75 from check_rules cre1_0 where cre1_0.id=?
Hibernate: update check_rules cre1_0 set rule71=? where cre1_0.id=?
Hibernate: select cre1_0.id,cre1_0.clientid,cre1_0.creditid,cre1_0.rule1,cre1_0.rule2,cre1_0.rule3,cre1_0.rule4,cre1_0.rule6,cre1_0.rule71,cre1_0.rule72,cre1_0.rule73,cre1_0.rule74,cre1_0.rule75 from check_rules cre1_0 where cre1_0.id=?
]]></system-out>
  </testcase>
  <testcase name="whenCheckEmploymentStability_WithTrueValue_ThenRule3IsUpdatedToTrue" classname="com.example.proyecto.Services.CheckRulesServiceTest" time="0.019">
    <system-out><![CDATA[Hibernate: select cre1_0.id,cre1_0.clientid,cre1_0.creditid,cre1_0.rule1,cre1_0.rule2,cre1_0.rule3,cre1_0.rule4,cre1_0.rule6,cre1_0.rule71,cre1_0.rule72,cre1_0.rule73,cre1_0.rule74,cre1_0.rule75 from check_rules cre1_0
Hibernate: delete from check_rules where id=?
Hibernate: select ce1_0.id,ce1_0.administration_commission,ce1_0.clientid,ce1_0.interest_rate,ce1_0.loan_type,ce1_0.monthly_fee,ce1_0.observations,ce1_0.property_value,ce1_0.requested_amount,ce1_0.status,ce1_0.years_limit from credit ce1_0
Hibernate: select ue1_0.id,ue1_0.age,ue1_0.email,ue1_0.income,ue1_0.last_name,ue1_0.name,ue1_0.password,ue1_0.rol,ue1_0.rut from users ue1_0
Hibernate: insert into check_rules (clientid,creditid,rule1,rule2,rule3,rule4,rule6,rule71,rule72,rule73,rule74,rule75,id) values (?,?,?,?,?,?,?,?,?,?,?,?,default)
Hibernate: select cre1_0.id,cre1_0.clientid,cre1_0.creditid,cre1_0.rule1,cre1_0.rule2,cre1_0.rule3,cre1_0.rule4,cre1_0.rule6,cre1_0.rule71,cre1_0.rule72,cre1_0.rule73,cre1_0.rule74,cre1_0.rule75 from check_rules cre1_0 where cre1_0.id=?
Hibernate: update check_rules cre1_0 set rule3=? where cre1_0.id=?
Hibernate: select cre1_0.id,cre1_0.clientid,cre1_0.creditid,cre1_0.rule1,cre1_0.rule2,cre1_0.rule3,cre1_0.rule4,cre1_0.rule6,cre1_0.rule71,cre1_0.rule72,cre1_0.rule73,cre1_0.rule74,cre1_0.rule75 from check_rules cre1_0 where cre1_0.id=?
]]></system-out>
  </testcase>
  <testcase name="whenCheckSavingHistoryWithNonExistentCheckId_ThenThrowEntityNotFoundException" classname="com.example.proyecto.Services.CheckRulesServiceTest" time="0.012">
    <system-out><![CDATA[Hibernate: select cre1_0.id,cre1_0.clientid,cre1_0.creditid,cre1_0.rule1,cre1_0.rule2,cre1_0.rule3,cre1_0.rule4,cre1_0.rule6,cre1_0.rule71,cre1_0.rule72,cre1_0.rule73,cre1_0.rule74,cre1_0.rule75 from check_rules cre1_0
Hibernate: delete from check_rules where id=?
Hibernate: select ce1_0.id,ce1_0.administration_commission,ce1_0.clientid,ce1_0.interest_rate,ce1_0.loan_type,ce1_0.monthly_fee,ce1_0.observations,ce1_0.property_value,ce1_0.requested_amount,ce1_0.status,ce1_0.years_limit from credit ce1_0
Hibernate: select ue1_0.id,ue1_0.age,ue1_0.email,ue1_0.income,ue1_0.last_name,ue1_0.name,ue1_0.password,ue1_0.rol,ue1_0.rut from users ue1_0
Hibernate: select cre1_0.id,cre1_0.clientid,cre1_0.creditid,cre1_0.rule1,cre1_0.rule2,cre1_0.rule3,cre1_0.rule4,cre1_0.rule6,cre1_0.rule71,cre1_0.rule72,cre1_0.rule73,cre1_0.rule74,cre1_0.rule75 from check_rules cre1_0 where cre1_0.id=?
]]></system-out>
  </testcase>
  <testcase name="whenCheckBalanceYearsAgoWithExistingCheckId_ThenRule74IsUpdated" classname="com.example.proyecto.Services.CheckRulesServiceTest" time="0.018">
    <system-out><![CDATA[Hibernate: select cre1_0.id,cre1_0.clientid,cre1_0.creditid,cre1_0.rule1,cre1_0.rule2,cre1_0.rule3,cre1_0.rule4,cre1_0.rule6,cre1_0.rule71,cre1_0.rule72,cre1_0.rule73,cre1_0.rule74,cre1_0.rule75 from check_rules cre1_0
Hibernate: select ce1_0.id,ce1_0.administration_commission,ce1_0.clientid,ce1_0.interest_rate,ce1_0.loan_type,ce1_0.monthly_fee,ce1_0.observations,ce1_0.property_value,ce1_0.requested_amount,ce1_0.status,ce1_0.years_limit from credit ce1_0
Hibernate: select ue1_0.id,ue1_0.age,ue1_0.email,ue1_0.income,ue1_0.last_name,ue1_0.name,ue1_0.password,ue1_0.rol,ue1_0.rut from users ue1_0
Hibernate: insert into check_rules (clientid,creditid,rule1,rule2,rule3,rule4,rule6,rule71,rule72,rule73,rule74,rule75,id) values (?,?,?,?,?,?,?,?,?,?,?,?,default)
Hibernate: select cre1_0.id,cre1_0.clientid,cre1_0.creditid,cre1_0.rule1,cre1_0.rule2,cre1_0.rule3,cre1_0.rule4,cre1_0.rule6,cre1_0.rule71,cre1_0.rule72,cre1_0.rule73,cre1_0.rule74,cre1_0.rule75 from check_rules cre1_0 where cre1_0.id=?
Hibernate: update check_rules cre1_0 set rule74=? where cre1_0.id=?
Hibernate: select cre1_0.id,cre1_0.clientid,cre1_0.creditid,cre1_0.rule1,cre1_0.rule2,cre1_0.rule3,cre1_0.rule4,cre1_0.rule6,cre1_0.rule71,cre1_0.rule72,cre1_0.rule73,cre1_0.rule74,cre1_0.rule75 from check_rules cre1_0 where cre1_0.id=?
]]></system-out>
  </testcase>
  <testcase name="whenDebtIncomeAboveThreshold_ThenRule4IsUpdatedToFalse" classname="com.example.proyecto.Services.CheckRulesServiceTest" time="0.022">
    <system-out><![CDATA[Hibernate: select cre1_0.id,cre1_0.clientid,cre1_0.creditid,cre1_0.rule1,cre1_0.rule2,cre1_0.rule3,cre1_0.rule4,cre1_0.rule6,cre1_0.rule71,cre1_0.rule72,cre1_0.rule73,cre1_0.rule74,cre1_0.rule75 from check_rules cre1_0
Hibernate: delete from check_rules where id=?
Hibernate: select ce1_0.id,ce1_0.administration_commission,ce1_0.clientid,ce1_0.interest_rate,ce1_0.loan_type,ce1_0.monthly_fee,ce1_0.observations,ce1_0.property_value,ce1_0.requested_amount,ce1_0.status,ce1_0.years_limit from credit ce1_0
Hibernate: select ue1_0.id,ue1_0.age,ue1_0.email,ue1_0.income,ue1_0.last_name,ue1_0.name,ue1_0.password,ue1_0.rol,ue1_0.rut from users ue1_0
Hibernate: insert into users (age,email,income,last_name,name,password,rol,rut,id) values (?,?,?,?,?,?,?,?,default)
Hibernate: insert into credit (administration_commission,clientid,interest_rate,loan_type,monthly_fee,observations,property_value,requested_amount,status,years_limit,id) values (?,?,?,?,?,?,?,?,?,?,default)
Hibernate: insert into check_rules (clientid,creditid,rule1,rule2,rule3,rule4,rule6,rule71,rule72,rule73,rule74,rule75,id) values (?,?,?,?,?,?,?,?,?,?,?,?,default)
Hibernate: select cre1_0.id,cre1_0.clientid,cre1_0.creditid,cre1_0.rule1,cre1_0.rule2,cre1_0.rule3,cre1_0.rule4,cre1_0.rule6,cre1_0.rule71,cre1_0.rule72,cre1_0.rule73,cre1_0.rule74,cre1_0.rule75 from check_rules cre1_0 where cre1_0.id=?
Hibernate: select ce1_0.id,ce1_0.administration_commission,ce1_0.clientid,ce1_0.interest_rate,ce1_0.loan_type,ce1_0.monthly_fee,ce1_0.observations,ce1_0.property_value,ce1_0.requested_amount,ce1_0.status,ce1_0.years_limit from credit ce1_0 where ce1_0.id=?
Hibernate: select ue1_0.id,ue1_0.age,ue1_0.email,ue1_0.income,ue1_0.last_name,ue1_0.name,ue1_0.password,ue1_0.rol,ue1_0.rut from users ue1_0 where ue1_0.id=?
Hibernate: update check_rules cre1_0 set rule4=? where cre1_0.id=?
Hibernate: select cre1_0.id,cre1_0.clientid,cre1_0.creditid,cre1_0.rule1,cre1_0.rule2,cre1_0.rule3,cre1_0.rule4,cre1_0.rule6,cre1_0.rule71,cre1_0.rule72,cre1_0.rule73,cre1_0.rule74,cre1_0.rule75 from check_rules cre1_0 where cre1_0.id=?
]]></system-out>
  </testcase>
  <testcase name="whenCreateRuleWithIncompleteData_ThenThrowsException" classname="com.example.proyecto.Services.CheckRulesServiceTest" time="0.015">
    <system-out><![CDATA[Hibernate: select cre1_0.id,cre1_0.clientid,cre1_0.creditid,cre1_0.rule1,cre1_0.rule2,cre1_0.rule3,cre1_0.rule4,cre1_0.rule6,cre1_0.rule71,cre1_0.rule72,cre1_0.rule73,cre1_0.rule74,cre1_0.rule75 from check_rules cre1_0
Hibernate: delete from check_rules where id=?
Hibernate: select ce1_0.id,ce1_0.administration_commission,ce1_0.clientid,ce1_0.interest_rate,ce1_0.loan_type,ce1_0.monthly_fee,ce1_0.observations,ce1_0.property_value,ce1_0.requested_amount,ce1_0.status,ce1_0.years_limit from credit ce1_0
Hibernate: delete from credit where id=?
Hibernate: select ue1_0.id,ue1_0.age,ue1_0.email,ue1_0.income,ue1_0.last_name,ue1_0.name,ue1_0.password,ue1_0.rol,ue1_0.rut from users ue1_0
Hibernate: delete from users where id=?
]]></system-out>
  </testcase>
  <testcase name="whenCreateRule_ThenOk" classname="com.example.proyecto.Services.CheckRulesServiceTest" time="0.01">
    <system-out><![CDATA[Hibernate: select cre1_0.id,cre1_0.clientid,cre1_0.creditid,cre1_0.rule1,cre1_0.rule2,cre1_0.rule3,cre1_0.rule4,cre1_0.rule6,cre1_0.rule71,cre1_0.rule72,cre1_0.rule73,cre1_0.rule74,cre1_0.rule75 from check_rules cre1_0
Hibernate: select ce1_0.id,ce1_0.administration_commission,ce1_0.clientid,ce1_0.interest_rate,ce1_0.loan_type,ce1_0.monthly_fee,ce1_0.observations,ce1_0.property_value,ce1_0.requested_amount,ce1_0.status,ce1_0.years_limit from credit ce1_0
Hibernate: select ue1_0.id,ue1_0.age,ue1_0.email,ue1_0.income,ue1_0.last_name,ue1_0.name,ue1_0.password,ue1_0.rol,ue1_0.rut from users ue1_0
Hibernate: insert into check_rules (clientid,creditid,rule1,rule2,rule3,rule4,rule6,rule71,rule72,rule73,rule74,rule75,id) values (?,?,?,?,?,?,?,?,?,?,?,?,default)
]]></system-out>
  </testcase>
  <testcase name="whenCheckMinimumBalanceWithNonExistentCheckId_ThenThrowEntityNotFoundException" classname="com.example.proyecto.Services.CheckRulesServiceTest" time="0.012">
    <system-out><![CDATA[Hibernate: select cre1_0.id,cre1_0.clientid,cre1_0.creditid,cre1_0.rule1,cre1_0.rule2,cre1_0.rule3,cre1_0.rule4,cre1_0.rule6,cre1_0.rule71,cre1_0.rule72,cre1_0.rule73,cre1_0.rule74,cre1_0.rule75 from check_rules cre1_0
Hibernate: delete from check_rules where id=?
Hibernate: select ce1_0.id,ce1_0.administration_commission,ce1_0.clientid,ce1_0.interest_rate,ce1_0.loan_type,ce1_0.monthly_fee,ce1_0.observations,ce1_0.property_value,ce1_0.requested_amount,ce1_0.status,ce1_0.years_limit from credit ce1_0
Hibernate: select ue1_0.id,ue1_0.age,ue1_0.email,ue1_0.income,ue1_0.last_name,ue1_0.name,ue1_0.password,ue1_0.rol,ue1_0.rut from users ue1_0
Hibernate: select cre1_0.id,cre1_0.clientid,cre1_0.creditid,cre1_0.rule1,cre1_0.rule2,cre1_0.rule3,cre1_0.rule4,cre1_0.rule6,cre1_0.rule71,cre1_0.rule72,cre1_0.rule73,cre1_0.rule74,cre1_0.rule75 from check_rules cre1_0 where cre1_0.id=?
]]></system-out>
  </testcase>
  <testcase name="whenCreditEntityNotFound_ThenThrowException" classname="com.example.proyecto.Services.CheckRulesServiceTest" time="0.011">
    <system-out><![CDATA[Hibernate: select cre1_0.id,cre1_0.clientid,cre1_0.creditid,cre1_0.rule1,cre1_0.rule2,cre1_0.rule3,cre1_0.rule4,cre1_0.rule6,cre1_0.rule71,cre1_0.rule72,cre1_0.rule73,cre1_0.rule74,cre1_0.rule75 from check_rules cre1_0
Hibernate: select ce1_0.id,ce1_0.administration_commission,ce1_0.clientid,ce1_0.interest_rate,ce1_0.loan_type,ce1_0.monthly_fee,ce1_0.observations,ce1_0.property_value,ce1_0.requested_amount,ce1_0.status,ce1_0.years_limit from credit ce1_0
Hibernate: select ue1_0.id,ue1_0.age,ue1_0.email,ue1_0.income,ue1_0.last_name,ue1_0.name,ue1_0.password,ue1_0.rol,ue1_0.rut from users ue1_0
Hibernate: insert into check_rules (clientid,creditid,rule1,rule2,rule3,rule4,rule6,rule71,rule72,rule73,rule74,rule75,id) values (?,?,?,?,?,?,?,?,?,?,?,?,default)
Hibernate: select cre1_0.id,cre1_0.clientid,cre1_0.creditid,cre1_0.rule1,cre1_0.rule2,cre1_0.rule3,cre1_0.rule4,cre1_0.rule6,cre1_0.rule71,cre1_0.rule72,cre1_0.rule73,cre1_0.rule74,cre1_0.rule75 from check_rules cre1_0 where cre1_0.id=?
Hibernate: select ce1_0.id,ce1_0.administration_commission,ce1_0.clientid,ce1_0.interest_rate,ce1_0.loan_type,ce1_0.monthly_fee,ce1_0.observations,ce1_0.property_value,ce1_0.requested_amount,ce1_0.status,ce1_0.years_limit from credit ce1_0 where ce1_0.id=?
]]></system-out>
  </testcase>
  <testcase name="whenCheckBalanceYearsAgoWithNonExistentCheckId_ThenThrowEntityNotFoundException" classname="com.example.proyecto.Services.CheckRulesServiceTest" time="0.012">
    <system-out><![CDATA[Hibernate: select cre1_0.id,cre1_0.clientid,cre1_0.creditid,cre1_0.rule1,cre1_0.rule2,cre1_0.rule3,cre1_0.rule4,cre1_0.rule6,cre1_0.rule71,cre1_0.rule72,cre1_0.rule73,cre1_0.rule74,cre1_0.rule75 from check_rules cre1_0
Hibernate: delete from check_rules where id=?
Hibernate: select ce1_0.id,ce1_0.administration_commission,ce1_0.clientid,ce1_0.interest_rate,ce1_0.loan_type,ce1_0.monthly_fee,ce1_0.observations,ce1_0.property_value,ce1_0.requested_amount,ce1_0.status,ce1_0.years_limit from credit ce1_0
Hibernate: select ue1_0.id,ue1_0.age,ue1_0.email,ue1_0.income,ue1_0.last_name,ue1_0.name,ue1_0.password,ue1_0.rol,ue1_0.rut from users ue1_0
Hibernate: select cre1_0.id,cre1_0.clientid,cre1_0.creditid,cre1_0.rule1,cre1_0.rule2,cre1_0.rule3,cre1_0.rule4,cre1_0.rule6,cre1_0.rule71,cre1_0.rule72,cre1_0.rule73,cre1_0.rule74,cre1_0.rule75 from check_rules cre1_0 where cre1_0.id=?
]]></system-out>
  </testcase>
  <testcase name="whenCheckRelationQuotaIncome_SuccessAndQuotaExceeds35Percent" classname="com.example.proyecto.Services.CheckRulesServiceTest" time="0.016">
    <system-out><![CDATA[Hibernate: select cre1_0.id,cre1_0.clientid,cre1_0.creditid,cre1_0.rule1,cre1_0.rule2,cre1_0.rule3,cre1_0.rule4,cre1_0.rule6,cre1_0.rule71,cre1_0.rule72,cre1_0.rule73,cre1_0.rule74,cre1_0.rule75 from check_rules cre1_0
Hibernate: select ce1_0.id,ce1_0.administration_commission,ce1_0.clientid,ce1_0.interest_rate,ce1_0.loan_type,ce1_0.monthly_fee,ce1_0.observations,ce1_0.property_value,ce1_0.requested_amount,ce1_0.status,ce1_0.years_limit from credit ce1_0
Hibernate: select ue1_0.id,ue1_0.age,ue1_0.email,ue1_0.income,ue1_0.last_name,ue1_0.name,ue1_0.password,ue1_0.rol,ue1_0.rut from users ue1_0
Hibernate: insert into credit (administration_commission,clientid,interest_rate,loan_type,monthly_fee,observations,property_value,requested_amount,status,years_limit,id) values (?,?,?,?,?,?,?,?,?,?,default)
Hibernate: insert into check_rules (clientid,creditid,rule1,rule2,rule3,rule4,rule6,rule71,rule72,rule73,rule74,rule75,id) values (?,?,?,?,?,?,?,?,?,?,?,?,default)
Hibernate: select cre1_0.id,cre1_0.clientid,cre1_0.creditid,cre1_0.rule1,cre1_0.rule2,cre1_0.rule3,cre1_0.rule4,cre1_0.rule6,cre1_0.rule71,cre1_0.rule72,cre1_0.rule73,cre1_0.rule74,cre1_0.rule75 from check_rules cre1_0 where cre1_0.id=?
Hibernate: select ce1_0.id,ce1_0.administration_commission,ce1_0.clientid,ce1_0.interest_rate,ce1_0.loan_type,ce1_0.monthly_fee,ce1_0.observations,ce1_0.property_value,ce1_0.requested_amount,ce1_0.status,ce1_0.years_limit from credit ce1_0 where ce1_0.id=?
Hibernate: update check_rules cre1_0 set rule1=? where cre1_0.id=?
Hibernate: select cre1_0.id,cre1_0.clientid,cre1_0.creditid,cre1_0.rule1,cre1_0.rule2,cre1_0.rule3,cre1_0.rule4,cre1_0.rule6,cre1_0.rule71,cre1_0.rule72,cre1_0.rule73,cre1_0.rule74,cre1_0.rule75 from check_rules cre1_0 where cre1_0.id=?
]]></system-out>
  </testcase>
</testsuite>